<?xml version="1.0" encoding="UTF-8"?>
<testsuite xmlns:xsi="http://www.w3.org/2001/XMLSchema-instance" xsi:noNamespaceSchemaLocation="https://maven.apache.org/surefire/maven-surefire-plugin/xsd/surefire-test-report.xsd" name="createDepartmentTests.Tests" time="48.057" tests="31" errors="0" skipped="0" failures="0">
  <properties>
[...]
</properties>
  <testcase name="createDepartmentsLevels_2_5{String}[1]" classname="createDepartmentTests.Tests$CreateDepartmentsTests" time="5.979"/>
  <testcase name="createDepartmentsLevels_2_5{String}[2]" classname="createDepartmentTests.Tests$CreateDepartmentsTests" time="1.702"/>
  <testcase name="createDepartmentsLevels_2_5{String}[3]" classname="createDepartmentTests.Tests$CreateDepartmentsTests" time="1.344"/>
  <testcase name="createDepartmentsLevels_2_5{String}[4]" classname="createDepartmentTests.Tests$CreateDepartmentsTests" time="1.224"/>
  <testcase name="createDepartmentsLevel_2{String}[1]" classname="createDepartmentTests.Tests$CreateDepartmentsTests$CreateDepartmentsLevel_2" time="1.293"/>
  <testcase name="createDepartmentsLevel_2{String}[2]" classname="createDepartmentTests.Tests$CreateDepartmentsTests$CreateDepartmentsLevel_2" time="1.365"/>
  <testcase name="createDepartmentsLevel_2{String}[3]" classname="createDepartmentTests.Tests$CreateDepartmentsTests$CreateDepartmentsLevel_2" time="1.475"/>
  <testcase name="createDepartmentsLevel_2{String}[4]" classname="createDepartmentTests.Tests$CreateDepartmentsTests$CreateDepartmentsLevel_2" time="1.422"/>
  <testcase name="createDepartmentsLevel_2{String}[5]" classname="createDepartmentTests.Tests$CreateDepartmentsTests$CreateDepartmentsLevel_2" time="1.352"/>
  <testcase name="createDepartmentsLevel_2{String}[6]" classname="createDepartmentTests.Tests$CreateDepartmentsTests$CreateDepartmentsLevel_2" time="1.501"/>
  <testcase name="createDepartmentsLevel_2{String}[7]" classname="createDepartmentTests.Tests$CreateDepartmentsTests$CreateDepartmentsLevel_2" time="1.541"/>
  <testcase name="createDepartmentsLevel_2{String}[8]" classname="createDepartmentTests.Tests$CreateDepartmentsTests$CreateDepartmentsLevel_2" time="1.405"/>
  <testcase name="createDepartmentsLevel_2{String}[9]" classname="createDepartmentTests.Tests$CreateDepartmentsTests$CreateDepartmentsLevel_2" time="1.435"/>
  <testcase name="createDepartmentsLevel_3{String}[1]" classname="createDepartmentTests.Tests$CreateDepartmentsTests$CreateDepartmentsLevel_2" time="1.314"/>
  <testcase name="createDepartmentsLevel_3{String}[2]" classname="createDepartmentTests.Tests$CreateDepartmentsTests$CreateDepartmentsLevel_2" time="1.217"/>
  <testcase name="createDepartmentsLevel_3{String}[3]" classname="createDepartmentTests.Tests$CreateDepartmentsTests$CreateDepartmentsLevel_2" time="1.578"/>
  <testcase name="createDepartmentsLevel_3{String}[4]" classname="createDepartmentTests.Tests$CreateDepartmentsTests$CreateDepartmentsLevel_2" time="1.054"/>
  <testcase name="createDepartmentsLevel_3{String}[5]" classname="createDepartmentTests.Tests$CreateDepartmentsTests$CreateDepartmentsLevel_2" time="1.437"/>
  <testcase name="createDepartmentsLevel_3{String}[6]" classname="createDepartmentTests.Tests$CreateDepartmentsTests$CreateDepartmentsLevel_2" time="1.404"/>
  <testcase name="createDepartmentsLevel_3{String}[7]" classname="createDepartmentTests.Tests$CreateDepartmentsTests$CreateDepartmentsLevel_2" time="1.556"/>
  <testcase name="createDepartmentsLevel_3{String}[8]" classname="createDepartmentTests.Tests$CreateDepartmentsTests$CreateDepartmentsLevel_2" time="1.518"/>
  <testcase name="createDepartmentsLevel_3{String}[9]" classname="createDepartmentTests.Tests$CreateDepartmentsTests$CreateDepartmentsLevel_2" time="1.313"/>
  <testcase name="createDepartmentsLevel_5{String}[1]" classname="createDepartmentTests.Tests$CreateDepartmentsTests$CreateDepartmentsLevel_2" time="1.425"/>
  <testcase name="createDepartmentsLevel_5{String}[2]" classname="createDepartmentTests.Tests$CreateDepartmentsTests$CreateDepartmentsLevel_2" time="1.278"/>
  <testcase name="createDepartmentsLevel_5{String}[3]" classname="createDepartmentTests.Tests$CreateDepartmentsTests$CreateDepartmentsLevel_2" time="1.112"/>
  <testcase name="createDepartmentsLevel_5{String}[4]" classname="createDepartmentTests.Tests$CreateDepartmentsTests$CreateDepartmentsLevel_2" time="1.567"/>
  <testcase name="createDepartmentsLevel_5{String}[5]" classname="createDepartmentTests.Tests$CreateDepartmentsTests$CreateDepartmentsLevel_2" time="1.373"/>
  <testcase name="createDepartmentsLevel_5{String}[6]" classname="createDepartmentTests.Tests$CreateDepartmentsTests$CreateDepartmentsLevel_2" time="1.422"/>
  <testcase name="createDepartmentsLevel_5{String}[7]" classname="createDepartmentTests.Tests$CreateDepartmentsTests$CreateDepartmentsLevel_2" time="1.436"/>
  <testcase name="createDepartmentsLevel_5{String}[8]" classname="createDepartmentTests.Tests$CreateDepartmentsTests$CreateDepartmentsLevel_2" time="1.351"/>
  <testcase name="createDepartmentsLevel_5{String}[9]" classname="createDepartmentTests.Tests$CreateDepartmentsTests$CreateDepartmentsLevel_2" time="1.341"/>
</testsuite>